<?xml version="1.0" encoding="UTF-8"?>
<testng-results total="2" passed="2" failed="0" skipped="0">
  <reporter-output>
  </reporter-output>
  <suite started-at="2021-04-04T05:54:25Z" name="com.qa.test.DemoTest" finished-at="2021-04-04T05:54:25Z" duration-ms="73">
    <groups>
    </groups>
    <test started-at="2021-04-04T05:54:25Z" name="Command line test" finished-at="2021-04-04T05:54:25Z" duration-ms="73">
      <class name="com.qa.test.DemoTest">
        <test-method signature="Mul()[pri:0, instance:com.qa.test.DemoTest@1e802ef9]" started-at="2021-04-04T11:24:25Z" name="Mul" finished-at="2021-04-04T11:24:25Z" duration-ms="34" status="PASS">
          <reporter-output>
          </reporter-output>
        </test-method> <!-- Mul -->
        <test-method signature="sum()[pri:0, instance:com.qa.test.DemoTest@1e802ef9]" started-at="2021-04-04T11:24:25Z" name="sum" finished-at="2021-04-04T11:24:25Z" duration-ms="2" status="PASS">
          <reporter-output>
          </reporter-output>
        </test-method> <!-- sum -->
      </class> <!-- com.qa.test.DemoTest -->
    </test> <!-- Command line test -->
  </suite> <!-- com.qa.test.DemoTest -->
</testng-results>
