<?xml version="1.0" encoding="UTF-8"?>
<testng-results ignored="0" total="9" passed="9" failed="0" skipped="0">
  <reporter-output>
  </reporter-output>
  <suite started-at="2021-04-19T12:59:32 IST" name="Free CRM application" finished-at="2021-04-19T13:02:29 IST" duration-ms="177629">
    <groups>
    </groups>
    <test started-at="2021-04-19T12:59:32 IST" name="Free CRM app" finished-at="2021-04-19T13:02:29 IST" duration-ms="177629">
      <class name="com.crm.qa.testcase.HompageTest">
        <test-method is-config="true" signature="setup()[pri:0, instance:com.crm.qa.testcase.HompageTest@618425b5]" started-at="2021-04-19T13:00:10 IST" name="setup" finished-at="2021-04-19T13:00:25 IST" duration-ms="15333" status="PASS">
          <reporter-output>
          </reporter-output>
        </test-method> <!-- setup -->
        <test-method signature="verifyHomepageTitleTest()[pri:1, instance:com.crm.qa.testcase.HompageTest@618425b5]" started-at="2021-04-19T13:00:25 IST" name="verifyHomepageTitleTest" finished-at="2021-04-19T13:00:26 IST" duration-ms="23" status="PASS">
          <reporter-output>
          </reporter-output>
        </test-method> <!-- verifyHomepageTitleTest -->
        <test-method is-config="true" signature="tearDown()[pri:0, instance:com.crm.qa.testcase.HompageTest@618425b5]" started-at="2021-04-19T13:00:26 IST" name="tearDown" finished-at="2021-04-19T13:00:26 IST" duration-ms="962" status="PASS">
          <reporter-output>
          </reporter-output>
        </test-method> <!-- tearDown -->
        <test-method is-config="true" signature="setup()[pri:0, instance:com.crm.qa.testcase.HompageTest@618425b5]" started-at="2021-04-19T13:00:26 IST" name="setup" finished-at="2021-04-19T13:00:42 IST" duration-ms="15345" status="PASS">
          <reporter-output>
          </reporter-output>
        </test-method> <!-- setup -->
        <test-method signature="verifyusernametest()[pri:2, instance:com.crm.qa.testcase.HompageTest@618425b5]" started-at="2021-04-19T13:00:42 IST" name="verifyusernametest" finished-at="2021-04-19T13:00:42 IST" duration-ms="218" status="PASS">
          <reporter-output>
          </reporter-output>
        </test-method> <!-- verifyusernametest -->
        <test-method is-config="true" signature="tearDown()[pri:0, instance:com.crm.qa.testcase.HompageTest@618425b5]" started-at="2021-04-19T13:00:42 IST" name="tearDown" finished-at="2021-04-19T13:00:43 IST" duration-ms="936" status="PASS">
          <reporter-output>
          </reporter-output>
        </test-method> <!-- tearDown -->
        <test-method is-config="true" signature="setup()[pri:0, instance:com.crm.qa.testcase.HompageTest@618425b5]" started-at="2021-04-19T13:00:43 IST" name="setup" finished-at="2021-04-19T13:00:58 IST" duration-ms="14825" status="PASS">
          <reporter-output>
          </reporter-output>
        </test-method> <!-- setup -->
        <test-method signature="verifyContactsLinkTest()[pri:3, instance:com.crm.qa.testcase.HompageTest@618425b5]" started-at="2021-04-19T13:00:58 IST" name="verifyContactsLinkTest" finished-at="2021-04-19T13:01:00 IST" duration-ms="2018" status="PASS">
          <reporter-output>
          </reporter-output>
        </test-method> <!-- verifyContactsLinkTest -->
        <test-method is-config="true" signature="tearDown()[pri:0, instance:com.crm.qa.testcase.HompageTest@618425b5]" started-at="2021-04-19T13:01:00 IST" name="tearDown" finished-at="2021-04-19T13:01:01 IST" duration-ms="1418" status="PASS">
          <reporter-output>
          </reporter-output>
        </test-method> <!-- tearDown -->
      </class> <!-- com.crm.qa.testcase.HompageTest -->
      <class name="com.crm.qa.testcase.LoginPageTest">
        <test-method is-config="true" signature="setUp()[pri:0, instance:com.crm.qa.testcase.LoginPageTest@73700b80]" started-at="2021-04-19T12:59:32 IST" name="setUp" finished-at="2021-04-19T12:59:43 IST" duration-ms="10813" status="PASS">
          <reporter-output>
          </reporter-output>
        </test-method> <!-- setUp -->
        <test-method signature="loginPageTitleTest()[pri:1, instance:com.crm.qa.testcase.LoginPageTest@73700b80]" started-at="2021-04-19T12:59:43 IST" name="loginPageTitleTest" finished-at="2021-04-19T12:59:43 IST" duration-ms="107" status="PASS">
          <reporter-output>
          </reporter-output>
        </test-method> <!-- loginPageTitleTest -->
        <test-method is-config="true" signature="tearDown()[pri:0, instance:com.crm.qa.testcase.LoginPageTest@73700b80]" started-at="2021-04-19T12:59:43 IST" name="tearDown" finished-at="2021-04-19T12:59:44 IST" duration-ms="942" status="PASS">
          <reporter-output>
          </reporter-output>
        </test-method> <!-- tearDown -->
        <test-method is-config="true" signature="setUp()[pri:0, instance:com.crm.qa.testcase.LoginPageTest@73700b80]" started-at="2021-04-19T12:59:44 IST" name="setUp" finished-at="2021-04-19T12:59:52 IST" duration-ms="8316" status="PASS">
          <reporter-output>
          </reporter-output>
        </test-method> <!-- setUp -->
        <test-method signature="crmLogoImageTest()[pri:2, instance:com.crm.qa.testcase.LoginPageTest@73700b80]" started-at="2021-04-19T12:59:52 IST" name="crmLogoImageTest" finished-at="2021-04-19T12:59:52 IST" duration-ms="272" status="PASS">
          <reporter-output>
          </reporter-output>
        </test-method> <!-- crmLogoImageTest -->
        <test-method is-config="true" signature="tearDown()[pri:0, instance:com.crm.qa.testcase.LoginPageTest@73700b80]" started-at="2021-04-19T12:59:52 IST" name="tearDown" finished-at="2021-04-19T12:59:53 IST" duration-ms="934" status="PASS">
          <reporter-output>
          </reporter-output>
        </test-method> <!-- tearDown -->
        <test-method is-config="true" signature="setUp()[pri:0, instance:com.crm.qa.testcase.LoginPageTest@73700b80]" started-at="2021-04-19T12:59:53 IST" name="setUp" finished-at="2021-04-19T13:00:02 IST" duration-ms="8333" status="PASS">
          <reporter-output>
          </reporter-output>
        </test-method> <!-- setUp -->
        <test-method signature="loginTest()[pri:3, instance:com.crm.qa.testcase.LoginPageTest@73700b80]" started-at="2021-04-19T13:00:02 IST" name="loginTest" finished-at="2021-04-19T13:00:09 IST" duration-ms="7280" status="PASS">
          <reporter-output>
          </reporter-output>
        </test-method> <!-- loginTest -->
        <test-method is-config="true" signature="tearDown()[pri:0, instance:com.crm.qa.testcase.LoginPageTest@73700b80]" started-at="2021-04-19T13:00:09 IST" name="tearDown" finished-at="2021-04-19T13:00:10 IST" duration-ms="1280" status="PASS">
          <reporter-output>
          </reporter-output>
        </test-method> <!-- tearDown -->
      </class> <!-- com.crm.qa.testcase.LoginPageTest -->
      <class name="com.crm.qa.testcase.ContactsPageTest">
        <test-method is-config="true" signature="setUp()[pri:0, instance:com.crm.qa.testcase.ContactsPageTest@58695725]" started-at="2021-04-19T13:01:04 IST" name="setUp" finished-at="2021-04-19T13:01:21 IST" duration-ms="17838" status="PASS">
          <reporter-output>
          </reporter-output>
        </test-method> <!-- setUp -->
        <test-method signature="validateCreateNewContact(java.lang.String,java.lang.String,java.lang.String,java.lang.String)[pri:1, instance:com.crm.qa.testcase.ContactsPageTest@58695725]" started-at="2021-04-19T13:01:21 IST" name="validateCreateNewContact" data-provider="getCRMTestData" finished-at="2021-04-19T13:01:38 IST" duration-ms="16522" status="PASS">
          <params>
            <param index="0">
              <value>
                <![CDATA[Mr.]]>
              </value>
            </param>
            <param index="1">
              <value>
                <![CDATA[rahul]]>
              </value>
            </param>
            <param index="2">
              <value>
                <![CDATA[yadav]]>
              </value>
            </param>
            <param index="3">
              <value>
                <![CDATA[naumra]]>
              </value>
            </param>
          </params>
          <reporter-output>
          </reporter-output>
        </test-method> <!-- validateCreateNewContact -->
        <test-method is-config="true" signature="tearDown()[pri:0, instance:com.crm.qa.testcase.ContactsPageTest@58695725]" started-at="2021-04-19T13:01:38 IST" name="tearDown" finished-at="2021-04-19T13:01:39 IST" duration-ms="958" status="PASS">
          <reporter-output>
          </reporter-output>
        </test-method> <!-- tearDown -->
        <test-method is-config="true" signature="setUp()[pri:0, instance:com.crm.qa.testcase.ContactsPageTest@58695725]" started-at="2021-04-19T13:01:39 IST" name="setUp" finished-at="2021-04-19T13:01:56 IST" duration-ms="16795" status="PASS">
          <reporter-output>
          </reporter-output>
        </test-method> <!-- setUp -->
        <test-method signature="validateCreateNewContact(java.lang.String,java.lang.String,java.lang.String,java.lang.String)[pri:1, instance:com.crm.qa.testcase.ContactsPageTest@58695725]" started-at="2021-04-19T13:01:56 IST" name="validateCreateNewContact" data-provider="getCRMTestData" finished-at="2021-04-19T13:02:05 IST" duration-ms="9593" status="PASS">
          <params>
            <param index="0">
              <value>
                <![CDATA[Dr.]]>
              </value>
            </param>
            <param index="1">
              <value>
                <![CDATA[sucheta]]>
              </value>
            </param>
            <param index="2">
              <value>
                <![CDATA[nikam]]>
              </value>
            </param>
            <param index="3">
              <value>
                <![CDATA[capgemini]]>
              </value>
            </param>
          </params>
          <reporter-output>
          </reporter-output>
        </test-method> <!-- validateCreateNewContact -->
        <test-method is-config="true" signature="tearDown()[pri:0, instance:com.crm.qa.testcase.ContactsPageTest@58695725]" started-at="2021-04-19T13:02:05 IST" name="tearDown" finished-at="2021-04-19T13:02:06 IST" duration-ms="945" status="PASS">
          <reporter-output>
          </reporter-output>
        </test-method> <!-- tearDown -->
        <test-method is-config="true" signature="setUp()[pri:0, instance:com.crm.qa.testcase.ContactsPageTest@58695725]" started-at="2021-04-19T13:02:06 IST" name="setUp" finished-at="2021-04-19T13:02:24 IST" duration-ms="17292" status="PASS">
          <reporter-output>
          </reporter-output>
        </test-method> <!-- setUp -->
        <test-method signature="validateCreateNewContact(java.lang.String,java.lang.String,java.lang.String,java.lang.String)[pri:1, instance:com.crm.qa.testcase.ContactsPageTest@58695725]" started-at="2021-04-19T13:02:24 IST" name="validateCreateNewContact" data-provider="getCRMTestData" finished-at="2021-04-19T13:02:28 IST" duration-ms="4810" status="PASS">
          <params>
            <param index="0">
              <value>
                <![CDATA[Mr.]]>
              </value>
            </param>
            <param index="1">
              <value>
                <![CDATA[suyog]]>
              </value>
            </param>
            <param index="2">
              <value>
                <![CDATA[nikam]]>
              </value>
            </param>
            <param index="3">
              <value>
                <![CDATA[xbrl]]>
              </value>
            </param>
          </params>
          <reporter-output>
          </reporter-output>
        </test-method> <!-- validateCreateNewContact -->
        <test-method is-config="true" signature="tearDown()[pri:0, instance:com.crm.qa.testcase.ContactsPageTest@58695725]" started-at="2021-04-19T13:02:28 IST" name="tearDown" finished-at="2021-04-19T13:02:29 IST" duration-ms="967" status="PASS">
          <reporter-output>
          </reporter-output>
        </test-method> <!-- tearDown -->
      </class> <!-- com.crm.qa.testcase.ContactsPageTest -->
    </test> <!-- Free CRM app -->
  </suite> <!-- Free CRM application -->
</testng-results>
