<?xml version="1.0" encoding="UTF-8"?>
<!-- Generated by org.testng.reporters.JUnitXMLReporter -->
<testsuite ignored="0" hostname="COMTEC" failures="0" tests="9" name="Free CRM app" time="177.629" errors="0" timestamp="2021-04-19T13:02:29 IST">
  <testcase classname="com.crm.qa.testcase.LoginPageTest" name="loginPageTitleTest" time="0.107"/>
  <testcase classname="com.crm.qa.testcase.LoginPageTest" name="crmLogoImageTest" time="0.272"/>
  <testcase classname="com.crm.qa.testcase.LoginPageTest" name="loginTest" time="7.28"/>
  <testcase classname="com.crm.qa.testcase.HompageTest" name="verifyHomepageTitleTest" time="0.023"/>
  <testcase classname="com.crm.qa.testcase.HompageTest" name="verifyusernametest" time="0.218"/>
  <testcase classname="com.crm.qa.testcase.HompageTest" name="verifyContactsLinkTest" time="2.018"/>
  <testcase classname="com.crm.qa.testcase.ContactsPageTest" name="validateCreateNewContact" time="16.522"/>
  <testcase classname="com.crm.qa.testcase.ContactsPageTest" name="validateCreateNewContact" time="9.593"/>
  <testcase classname="com.crm.qa.testcase.ContactsPageTest" name="validateCreateNewContact" time="4.81"/>
</testsuite> <!-- Free CRM app -->
